# JRE version: OpenJDK Runtime Environment (8.0_152-b01) (build 1.8.0_152-release-915-b01)
# Java VM: OpenJDK 64-Bit Server VM (25.152-b01 mixed mode windows-amd64 compressed oops)
Heap:
 PSYoungGen      total 360960K, used 325324K [0x00000000e0000000, 0x00000000fc380000, 0x0000000100000000)
  eden space 314880K, 92% used [0x00000000e0000000,0x00000000f1c59528,0x00000000f3380000)
  from space 46080K, 74% used [0x00000000f3380000,0x00000000f54d9ae0,0x00000000f6080000)
  to   space 48128K, 0% used [0x00000000f9480000,0x00000000f9480000,0x00000000fc380000)
 ParOldGen       total 118784K, used 97968K [0x00000000a0000000, 0x00000000a7400000, 0x00000000e0000000)
  object space 118784K, 82% used [0x00000000a0000000,0x00000000a5fac388,0x00000000a7400000)
 Metaspace       used 83353K, capacity 88564K, committed 88792K, reserved 1126400K
  class space    used 10360K, capacity 11461K, committed 11520K, reserved 1048576K
GC Heap History (10 events):
Event: 1730.366 GC heap before
{Heap before GC invocations=49 (full 4):
 PSYoungGen      total 266752K, used 264978K [0x00000000e0000000, 0x00000000f3f80000, 0x0000000100000000)
  eden space 223232K, 99% used [0x00000000e0000000,0x00000000ed956800,0x00000000eda00000)
  from space 43520K, 97% used [0x00000000f0a80000,0x00000000f33ee020,0x00000000f3500000)
  to   space 49664K, 0% used [0x00000000eda00000,0x00000000eda00000,0x00000000f0a80000)
 ParOldGen       total 118784K, used 91354K [0x00000000a0000000, 0x00000000a7400000, 0x00000000e0000000)
  object space 118784K, 76% used [0x00000000a0000000,0x00000000a5936a60,0x00000000a7400000)
 Metaspace       used 81642K, capacity 86252K, committed 86488K, reserved 1124352K
  class space    used 10180K, capacity 11183K, committed 11264K, reserved 1048576K
Event: 1730.399 GC heap after
Heap after GC invocations=49 (full 4):
 PSYoungGen      total 272896K, used 32515K [0x00000000e0000000, 0x00000000f6a00000, 0x0000000100000000)
  eden space 223232K, 0% used [0x00000000e0000000,0x00000000e0000000,0x00000000eda00000)
  from space 49664K, 65% used [0x00000000eda00000,0x00000000ef9c0f88,0x00000000f0a80000)
  to   space 51200K, 0% used [0x00000000f3800000,0x00000000f3800000,0x00000000f6a00000)
 ParOldGen       total 118784K, used 91354K [0x00000000a0000000, 0x00000000a7400000, 0x00000000e0000000)
  object space 118784K, 76% used [0x00000000a0000000,0x00000000a5936a60,0x00000000a7400000)
 Metaspace       used 81642K, capacity 86252K, committed 86488K, reserved 1124352K
  class space    used 10180K, capacity 11183K, committed 11264K, reserved 1048576K
}
Event: 1933.391 GC heap before
{Heap before GC invocations=50 (full 4):
 PSYoungGen      total 272896K, used 255747K [0x00000000e0000000, 0x00000000f6a00000, 0x0000000100000000)
  eden space 223232K, 100% used [0x00000000e0000000,0x00000000eda00000,0x00000000eda00000)
  from space 49664K, 65% used [0x00000000eda00000,0x00000000ef9c0f88,0x00000000f0a80000)
  to   space 51200K, 0% used [0x00000000f3800000,0x00000000f3800000,0x00000000f6a00000)
 ParOldGen       total 118784K, used 91354K [0x00000000a0000000, 0x00000000a7400000, 0x00000000e0000000)
  object space 118784K, 76% used [0x00000000a0000000,0x00000000a5936a60,0x00000000a7400000)
 Metaspace       used 81759K, capacity 86506K, committed 86744K, reserved 1124352K
  class space    used 10198K, capacity 11234K, committed 11264K, reserved 1048576K
Event: 1933.447 GC heap after
Heap after GC invocations=50 (full 4):
 PSYoungGen      total 311296K, used 19841K [0x00000000e0000000, 0x00000000f6380000, 0x0000000100000000)
  eden space 266752K, 0% used [0x00000000e0000000,0x00000000e0000000,0x00000000f0480000)
  from space 44544K, 44% used [0x00000000f3800000,0x00000000f4b60710,0x00000000f6380000)
  to   space 48640K, 0% used [0x00000000f0480000,0x00000000f0480000,0x00000000f3400000)
 ParOldGen       total 118784K, used 93833K [0x00000000a0000000, 0x00000000a7400000, 0x00000000e0000000)
  object space 118784K, 78% used [0x00000000a0000000,0x00000000a5ba2790,0x00000000a7400000)
 Metaspace       used 81759K, capacity 86506K, committed 86744K, reserved 1124352K
  class space    used 10198K, capacity 11234K, committed 11264K, reserved 1048576K
}
Event: 1941.159 GC heap before
{Heap before GC invocations=51 (full 4):
 PSYoungGen      total 311296K, used 279485K [0x00000000e0000000, 0x00000000f6380000, 0x0000000100000000)
  eden space 266752K, 97% used [0x00000000e0000000,0x00000000efd8ed90,0x00000000f0480000)
  from space 44544K, 44% used [0x00000000f3800000,0x00000000f4b60710,0x00000000f6380000)
  to   space 48640K, 0% used [0x00000000f0480000,0x00000000f0480000,0x00000000f3400000)
 ParOldGen       total 118784K, used 93833K [0x00000000a0000000, 0x00000000a7400000, 0x00000000e0000000)
  object space 118784K, 78% used [0x00000000a0000000,0x00000000a5ba2790,0x00000000a7400000)
 Metaspace       used 82038K, capacity 87066K, committed 87384K, reserved 1126400K
  class space    used 10227K, capacity 11284K, committed 11392K, reserved 1048576K
Event: 1941.196 GC heap after
Heap after GC invocations=51 (full 4):
 PSYoungGen      total 315392K, used 25211K [0x00000000e0000000, 0x00000000f9180000, 0x0000000100000000)
  eden space 266752K, 0% used [0x00000000e0000000,0x00000000e0000000,0x00000000f0480000)
  from space 48640K, 51% used [0x00000000f0480000,0x00000000f1d1ee80,0x00000000f3400000)
  to   space 47104K, 0% used [0x00000000f6380000,0x00000000f6380000,0x00000000f9180000)
 ParOldGen       total 118784K, used 96772K [0x00000000a0000000, 0x00000000a7400000, 0x00000000e0000000)
  object space 118784K, 81% used [0x00000000a0000000,0x00000000a5e812d8,0x00000000a7400000)
 Metaspace       used 82038K, capacity 87066K, committed 87384K, reserved 1126400K
  class space    used 10227K, capacity 11284K, committed 11392K, reserved 1048576K
}
Event: 2105.630 GC heap before
{Heap before GC invocations=52 (full 4):
 PSYoungGen      total 315392K, used 291963K [0x00000000e0000000, 0x00000000f9180000, 0x0000000100000000)
  eden space 266752K, 100% used [0x00000000e0000000,0x00000000f0480000,0x00000000f0480000)
  from space 48640K, 51% used [0x00000000f0480000,0x00000000f1d1ee80,0x00000000f3400000)
  to   space 47104K, 0% used [0x00000000f6380000,0x00000000f6380000,0x00000000f9180000)
 ParOldGen       total 118784K, used 96772K [0x00000000a0000000, 0x00000000a7400000, 0x00000000e0000000)
  object space 118784K, 81% used [0x00000000a0000000,0x00000000a5e812d8,0x00000000a7400000)
 Metaspace       used 82176K, capacity 87276K, committed 87384K, reserved 1126400K
  class space    used 10246K, capacity 11339K, committed 11392K, reserved 1048576K
Event: 2105.656 GC heap after
Heap after GC invocations=52 (full 4):
 PSYoungGen      total 357888K, used 15007K [0x00000000e0000000, 0x00000000f8d80000, 0x0000000100000000)
  eden space 314880K, 0% used [0x00000000e0000000,0x00000000e0000000,0x00000000f3380000)
  from space 43008K, 34% used [0x00000000f6380000,0x00000000f7227e28,0x00000000f8d80000)
  to   space 46080K, 0% used [0x00000000f3380000,0x00000000f3380000,0x00000000f6080000)
 ParOldGen       total 118784K, used 97170K [0x00000000a0000000, 0x00000000a7400000, 0x00000000e0000000)
  object space 118784K, 81% used [0x00000000a0000000,0x00000000a5ee4b18,0x00000000a7400000)
 Metaspace       used 82176K, capacity 87276K, committed 87384K, reserved 1126400K
  class space    used 10246K, capacity 11339K, committed 11392K, reserved 1048576K
}
Event: 2115.335 GC heap before
{Heap before GC invocations=53 (full 4):
 PSYoungGen      total 357888K, used 329214K [0x00000000e0000000, 0x00000000f8d80000, 0x0000000100000000)
  eden space 314880K, 99% used [0x00000000e0000000,0x00000000f32d7bb8,0x00000000f3380000)
  from space 43008K, 34% used [0x00000000f6380000,0x00000000f7227e28,0x00000000f8d80000)
  to   space 46080K, 0% used [0x00000000f3380000,0x00000000f3380000,0x00000000f6080000)
 ParOldGen       total 118784K, used 97170K [0x00000000a0000000, 0x00000000a7400000, 0x00000000e0000000)
  object space 118784K, 81% used [0x00000000a0000000,0x00000000a5ee4b18,0x00000000a7400000)
 Metaspace       used 82512K, capacity 87662K, committed 87896K, reserved 1126400K
  class space    used 10293K, capacity 11386K, committed 11392K, reserved 1048576K
Event: 2115.369 GC heap after
Heap after GC invocations=53 (full 4):
 PSYoungGen      total 360960K, used 34150K [0x00000000e0000000, 0x00000000fc380000, 0x0000000100000000)
  eden space 314880K, 0% used [0x00000000e0000000,0x00000000e0000000,0x00000000f3380000)
  from space 46080K, 74% used [0x00000000f3380000,0x00000000f54d9ae0,0x00000000f6080000)
  to   space 48128K, 0% used [0x00000000f9480000,0x00000000f9480000,0x00000000fc380000)
 ParOldGen       total 118784K, used 97968K [0x00000000a0000000, 0x00000000a7400000, 0x00000000e0000000)
  object space 118784K, 82% used [0x00000000a0000000,0x00000000a5fac388,0x00000000a7400000)
 Metaspace       used 82512K, capacity 87662K, committed 87896K, reserved 1126400K
  class space    used 10293K, capacity 11386K, committed 11392K, reserved 1048576K
}

